<?xml version="1.0" encoding="UTF-8"?>
<!-- Generated by org.testng.reporters.JUnitReportReporter -->
<testsuite skipped="0" hostname="user-PC" name="utli.Callingclass" tests="3" failures="0" timestamp="31 Jul 2019 02:59:03 GMT" time="10.093" errors="0">
  <testcase name="TestngCalling" time="2.516" classname="utli.Callingclass"/>
  <testcase name="TestngCalling" time="5.009" classname="utli.Callingclass"/>
  <testcase name="TestngCalling" time="2.568" classname="utli.Callingclass"/>
</testsuite> <!-- utli.Callingclass -->
