<?xml version="1.0" encoding="UTF-8"?>
<!-- Generated by org.testng.reporters.JUnitReportReporter -->
<testsuite skipped="0" hostname="user-PC" name="basicSelenium.Browser" tests="1" failures="0" timestamp="04 Jul 2019 03:49:31 GMT" time="3.782" errors="0">
  <testcase name="testSearch" time="3.782" classname="basicSelenium.Browser"/>
</testsuite> <!-- basicSelenium.Browser -->
